[debug] [2024-10-21T23:27:39.230Z] ----------------------------------------------------------------------
[debug] [2024-10-21T23:27:39.233Z] Command:       D:\Programacion\Node\node.exe C:\Users\Rubio\AppData\Roaming\npm\node_modules\firebase-tools\lib\bin\firebase.js init
[debug] [2024-10-21T23:27:39.233Z] CLI Version:   13.22.1
[debug] [2024-10-21T23:27:39.233Z] Platform:      win32
[debug] [2024-10-21T23:27:39.233Z] Node Version:  v21.2.0
[debug] [2024-10-21T23:27:39.233Z] Time:          Mon Oct 21 2024 20:27:39 GMT-0300 (hora estándar de Argentina)
[debug] [2024-10-21T23:27:39.234Z] ----------------------------------------------------------------------
[debug] 
[debug] [2024-10-21T23:27:39.246Z] >>> [apiv2][query] GET https://firebase-public.firebaseio.com/cli.json [none]
[debug] [2024-10-21T23:27:39.282Z] > command requires scopes: ["email","openid","https://www.googleapis.com/auth/cloudplatformprojects.readonly","https://www.googleapis.com/auth/firebase","https://www.googleapis.com/auth/cloud-platform"]
[debug] [2024-10-21T23:27:39.283Z] > authorizing via signed-in user (salasfacundo96@gmail.com)
[info] 
     ######## #### ########  ######## ########     ###     ######  ########
     ##        ##  ##     ## ##       ##     ##  ##   ##  ##       ##
     ######    ##  ########  ######   ########  #########  ######  ######
     ##        ##  ##    ##  ##       ##     ## ##     ##       ## ##
     ##       #### ##     ## ######## ########  ##     ##  ######  ########

You're about to initialize a Firebase project in this directory:

  D:\Equipo\Escritorio\escritorio\facu\curso carrera frontend\angular\todoList

[debug] [2024-10-21T23:27:39.768Z] <<< [apiv2][status] GET https://firebase-public.firebaseio.com/cli.json 200
[debug] [2024-10-21T23:27:39.768Z] <<< [apiv2][body] GET https://firebase-public.firebaseio.com/cli.json {"cloudBuildErrorAfter":1594252800000,"cloudBuildWarnAfter":1590019200000,"defaultNode10After":1594252800000,"minVersion":"3.0.5","node8DeploysDisabledAfter":1613390400000,"node8RuntimeDisabledAfter":1615809600000,"node8WarnAfter":1600128000000}
